0 info it worked if it ends with ok
1 verbose cli [ '/usr/bin/node', '/usr/bin/npm', 'install', '-g', '.' ]
2 info using npm@1.4.14
3 info using node@v0.10.29
4 verbose node symlink /usr/bin/node
5 verbose cache add [ '.', null ]
6 verbose cache add name=undefined spec="." args=[".",null]
7 verbose parsed url { protocol: null,
7 verbose parsed url   slashes: null,
7 verbose parsed url   auth: null,
7 verbose parsed url   host: null,
7 verbose parsed url   port: null,
7 verbose parsed url   hostname: null,
7 verbose parsed url   hash: null,
7 verbose parsed url   search: null,
7 verbose parsed url   query: null,
7 verbose parsed url   pathname: '.',
7 verbose parsed url   path: '.',
7 verbose parsed url   href: '.' }
8 silly lockFile 3a52ce78- .
9 verbose lock . /home/ryan/.npm/3a52ce78-.lock
10 verbose tar pack [ '/home/ryan/.npm/is/0.1.0/package.tgz', '.' ]
11 verbose tarball /home/ryan/.npm/is/0.1.0/package.tgz
12 verbose folder .
13 info prepublish is@0.1.0
14 silly lockFile 1f1177db-tar tar://.
15 verbose lock tar://. /home/ryan/.npm/1f1177db-tar.lock
16 silly lockFile a9d58f4a-me-ryan-npm-is-0-1-0-package-tgz tar:///home/ryan/.npm/is/0.1.0/package.tgz
17 verbose lock tar:///home/ryan/.npm/is/0.1.0/package.tgz /home/ryan/.npm/a9d58f4a-me-ryan-npm-is-0-1-0-package-tgz.lock
18 silly lockFile 1f1177db-tar tar://.
19 silly lockFile 1f1177db-tar tar://.
20 silly lockFile a9d58f4a-me-ryan-npm-is-0-1-0-package-tgz tar:///home/ryan/.npm/is/0.1.0/package.tgz
21 silly lockFile a9d58f4a-me-ryan-npm-is-0-1-0-package-tgz tar:///home/ryan/.npm/is/0.1.0/package.tgz
22 silly lockFile 67acbadc-home-ryan-npm-is-0-1-0-package /home/ryan/.npm/is/0.1.0/package
23 verbose lock /home/ryan/.npm/is/0.1.0/package /home/ryan/.npm/67acbadc-home-ryan-npm-is-0-1-0-package.lock
24 silly lockFile 67acbadc-home-ryan-npm-is-0-1-0-package /home/ryan/.npm/is/0.1.0/package
25 silly lockFile 67acbadc-home-ryan-npm-is-0-1-0-package /home/ryan/.npm/is/0.1.0/package
26 silly lockFile 3a52ce78- .
27 silly lockFile 3a52ce78- .
28 silly resolved [ { name: 'is',
28 silly resolved     version: '0.1.0',
28 silly resolved     description: 'A shallow wrapper for Object.prototype.toString.call( )',
28 silly resolved     scripts: { test: 'node test/all.js' },
28 silly resolved     devDependencies: { test: '>=0.0.5' },
28 silly resolved     readme: '\nis v0.1.0\n====================\n\nIs.js wraps the following useful but cryptic one-liner for finding out the\ntype of a value in a way more reliable than `typeof`.\n\n```js\nObject.prototype.toString.call(val)\n``\n\n## Installation\n\n```js\ngit clone https://github.com/rgrannell1/is.git\ncd is\n```\n\n## Usage\n\nIs.js is both a node.js and a web-JavaScript library.\n\n```js\nconst is = require(\'is\')\n\nis.string(val)\nis.number(val)\nis.function(val)\nis.undefined(val)\nis.null(val)\nis.object(val)\n```\n\n## License\n\n\'is\' is released under the MIT licence.\n\nThe MIT License (MIT)\n\nCopyright (c) 2014 Ryan Grannell\n\nPermission is hereby granted, free of charge, to any person obtaining a copy\nof this software and associated documentation files (the "Software"), to deal\nin the Software without restriction, including without limitation the rights\nto use, copy, modify, merge, publish, distribute, sublicense, and/or sell\ncopies of the Software, and to permit persons to whom the Software is\nfurnished to do so, subject to the following conditions:\n\nThe above copyright notice and this permission notice shall be included in all\ncopies or substantial portions of the Software.\n\nTHE SOFTWARE IS PROVIDED "AS IS", WITHOUT WARRANTY OF ANY KIND, EXPRESS OR\nIMPLIED, INCLUDING BUT NOT LIMITED TO THE WARRANTIES OF MERCHANTABILITY,\nFITNESS FOR A PARTICULAR PURPOSE AND NONINFRINGEMENT. IN NO EVENT SHALL THE\nAUTHORS OR COPYRIGHT HOLDERS BE LIABLE FOR ANY CLAIM, DAMAGES OR OTHER\nLIABILITY, WHETHER IN AN ACTION OF CONTRACT, TORT OR OTHERWISE, ARISING FROM,\nOUT OF OR IN CONNECTION WITH THE SOFTWARE OR THE USE OR OTHER DEALINGS IN THE\nSOFTWARE.\n\n## Versioning\n\nAll versions post-release will be compliant with the Semantic Versioning 2.0.0 standard.\n\nhttp://semver.org/\n',
28 silly resolved     readmeFilename: 'README.md',
28 silly resolved     _id: 'is@0.1.0',
28 silly resolved     _shasum: '865027fb8d011953cad97421e26d1b826f1e71e2',
28 silly resolved     _from: '.' } ]
29 info install is@0.1.0 into /usr/lib
30 info installOne is@0.1.0
31 info /usr/lib/node_modules/is unbuild
32 verbose tar unpack /home/ryan/.npm/is/0.1.0/package.tgz
33 silly lockFile b8dee001-tar-usr-lib-node-modules-is tar:///usr/lib/node_modules/is
34 verbose lock tar:///usr/lib/node_modules/is /home/ryan/.npm/b8dee001-tar-usr-lib-node-modules-is.lock
35 silly lockFile a9d58f4a-me-ryan-npm-is-0-1-0-package-tgz tar:///home/ryan/.npm/is/0.1.0/package.tgz
36 verbose lock tar:///home/ryan/.npm/is/0.1.0/package.tgz /home/ryan/.npm/a9d58f4a-me-ryan-npm-is-0-1-0-package-tgz.lock
37 silly gunzTarPerm modes [ '755', '644' ]
38 error Error: EACCES, mkdir '/usr/lib/node_modules/is'
38 error  { [Error: EACCES, mkdir '/usr/lib/node_modules/is']
38 error   errno: 3,
38 error   code: 'EACCES',
38 error   path: '/usr/lib/node_modules/is',
38 error   fstream_type: 'Directory',
38 error   fstream_path: '/usr/lib/node_modules/is',
38 error   fstream_class: 'DirWriter',
38 error   fstream_stack:
38 error    [ '/usr/lib/node_modules/npm/node_modules/fstream/lib/dir-writer.js:36:23',
38 error      '/usr/lib/node_modules/npm/node_modules/mkdirp/index.js:37:53',
38 error      'Object.oncomplete (fs.js:107:15)' ] }
39 error Please try running this command again as root/Administrator.
40 error System Linux 3.11.0-23-generic
41 error command "/usr/bin/node" "/usr/bin/npm" "install" "-g" "."
42 error cwd /home/ryan/Code/is.js
43 error node -v v0.10.29
44 error npm -v 1.4.14
45 error path /usr/lib/node_modules/is
46 error fstream_path /usr/lib/node_modules/is
47 error fstream_type Directory
48 error fstream_class DirWriter
49 error code EACCES
50 error errno 3
51 error stack Error: EACCES, mkdir '/usr/lib/node_modules/is'
52 error fstream_stack /usr/lib/node_modules/npm/node_modules/fstream/lib/dir-writer.js:36:23
52 error fstream_stack /usr/lib/node_modules/npm/node_modules/mkdirp/index.js:37:53
52 error fstream_stack Object.oncomplete (fs.js:107:15)
53 verbose exit [ 3, true ]
